0 silly argv {
0 silly argv   _: [ 'run' ],
0 silly argv   lernaVersion: '6.5.1',
0 silly argv   '$0': '/Users/yula/Desktop/education/twenty-forty-eight/node_modules/.bin/lerna',
0 silly argv   script: 'dev'
0 silly argv }
1 notice cli v6.5.1
2 verbose rootPath /Users/yula/Desktop/education/twenty-forty-eight
3 error JSONError: Unexpected token "}" (0x7D) in JSON at position 770 while parsing near "...  \"qs\": \"6.11.0\",\n  },\n  \"devDependencie..." in packages/client/package.json
3 error
3 error [0m [90m 27 |[39m     [32m"react-scrolllock"[39m[33m:[39m [32m"5.0.1"[39m[33m,[39m[0m
3 error [0m [90m 28 |[39m     [32m"qs"[39m[33m:[39m [32m"6.11.0"[39m[33m,[39m[0m
3 error [0m[31m[1m>[22m[39m[90m 29 |[39m   }[33m,[39m[0m
3 error [0m [90m    |[39m   [31m[1m^[22m[39m[0m
3 error [0m [90m 30 |[39m   [32m"devDependencies"[39m[33m:[39m {[0m
3 error [0m [90m 31 |[39m     [32m"@testing-library/react"[39m[33m:[39m [32m"13.3.0"[39m[33m,[39m[0m
3 error [0m [90m 32 |[39m     [32m"@types/jest"[39m[33m:[39m [32m"28.1.8"[39m[33m,[39m[0m
3 error
3 error     at parseJson (/Users/yula/Desktop/education/twenty-forty-eight/node_modules/parse-json/index.js:29:21)
3 error     at parse (/Users/yula/Desktop/education/twenty-forty-eight/node_modules/load-json-file/index.js:15:9)
3 error     at module.exports (/Users/yula/Desktop/education/twenty-forty-eight/node_modules/load-json-file/index.js:18:47)
